        -:    0:Source:dominion.c
        -:    0:Graph:dominion.gcno
        -:    0:Data:dominion.gcda
        -:    0:Runs:1
        -:    0:Programs:1
        -:    1:#include "dominion.h"
        -:    2:#include "dominion_helpers.h"
        -:    3:#include "rngs.h"
        -:    4:#include <stdio.h>
        -:    5:#include <math.h>
        -:    6:#include <stdlib.h>
        -:    7:
        -:    8://should all be good now!!!!
        -:    9:
function compare called 255 returned 100% blocks executed 83%
      255:   10:int compare(const void* a, const void* b) {
      255:   11:  if (*(int*)a > *(int*)b)
branch  0 taken 0% (fallthrough)
branch  1 taken 100%
    #####:   12:    return 1;
      255:   13:  if (*(int*)a < *(int*)b)
branch  0 taken 27% (fallthrough)
branch  1 taken 73%
       68:   14:    return -1;
      187:   15:  return 0;
        -:   16:}
        -:   17:
function newGame called 0 returned 0% blocks executed 0%
    #####:   18:struct gameState* newGame() {
    #####:   19:  struct gameState* g = malloc(sizeof(struct gameState));
    #####:   20:  return g;
        -:   21:}
        -:   22:
function kingdomCards called 0 returned 0% blocks executed 0%
    #####:   23:int* kingdomCards(int k1, int k2, int k3, int k4, int k5, int k6, int k7,
        -:   24:		  int k8, int k9, int k10) {
    #####:   25:  int* k = malloc(10 * sizeof(int));
    #####:   26:  k[0] = k1;
    #####:   27:  k[1] = k2;
    #####:   28:  k[2] = k3;
    #####:   29:  k[3] = k4;
    #####:   30:  k[4] = k5;
    #####:   31:  k[5] = k6;
    #####:   32:  k[6] = k7;
    #####:   33:  k[7] = k8;
    #####:   34:  k[8] = k9;
    #####:   35:  k[9] = k10;
    #####:   36:  return k;
        -:   37:}
        -:   38:
function initializeGame called 6 returned 100% blocks executed 95%
        6:   39:int initializeGame(int numPlayers, int kingdomCards[10], int randomSeed,
        -:   40:		   struct gameState *state) {
        -:   41:
        -:   42:  int i;
        -:   43:  int j;
        -:   44:  int it;			
        -:   45:  //set up random number generator
        -:   46:  //gonna comment these out for a sec also 217.
        -:   47:  //****************
        6:   48:  SelectStream(1);
call    0 returned 100%
        6:   49:  PutSeed((long)randomSeed);
call    0 returned 100%
        -:   50:  
        -:   51:  //check number of players
        6:   52:  if (numPlayers > MAX_PLAYERS || numPlayers < 2)
branch  0 taken 100% (fallthrough)
branch  1 taken 0%
branch  2 taken 0% (fallthrough)
branch  3 taken 100%
        -:   53:    {
    #####:   54:      return -1;
        -:   55:    }
        -:   56:
        -:   57:  //set number of players
        6:   58:  state->numPlayers = numPlayers;
        -:   59:
        -:   60:  //check selected kingdom cards are different
       66:   61:  for (i = 0; i < 10; i++)
branch  0 taken 91%
branch  1 taken 9% (fallthrough)
        -:   62:    {
      660:   63:      for (j = 0; j < 10; j++)
branch  0 taken 91%
branch  1 taken 9% (fallthrough)
        -:   64:        {
      600:   65:	  if (j != i && kingdomCards[j] == kingdomCards[i])
branch  0 taken 90% (fallthrough)
branch  1 taken 10%
branch  2 taken 0% (fallthrough)
branch  3 taken 100%
        -:   66:	    {
    #####:   67:	      return -1;
        -:   68:	    }
        -:   69:        }
        -:   70:    }
        -:   71:
        -:   72:
        -:   73:  //initialize supply
        -:   74:  ///////////////////////////////
        -:   75:
        -:   76:  //set number of Curse cards
        6:   77:  if (numPlayers == 2)
branch  0 taken 33% (fallthrough)
branch  1 taken 67%
        -:   78:    {
        2:   79:      state->supplyCount[curse] = 10;
        -:   80:    }
        4:   81:  else if (numPlayers == 3)
branch  0 taken 75% (fallthrough)
branch  1 taken 25%
        -:   82:    {
        3:   83:      state->supplyCount[curse] = 20;
        -:   84:    }
        -:   85:  else
        -:   86:    {
        1:   87:      state->supplyCount[curse] = 30;
        -:   88:    }
        -:   89:
        -:   90:  //set number of Victory cards
        6:   91:  if (numPlayers == 2)
branch  0 taken 33% (fallthrough)
branch  1 taken 67%
        -:   92:    {
        2:   93:      state->supplyCount[estate] = 8;
        2:   94:      state->supplyCount[duchy] = 8;
        2:   95:      state->supplyCount[province] = 8;
        -:   96:    }
        -:   97:  else
        -:   98:    {
        4:   99:      state->supplyCount[estate] = 12;
        4:  100:      state->supplyCount[duchy] = 12;
        4:  101:      state->supplyCount[province] = 12;
        -:  102:    }
        -:  103:
        -:  104:  //set number of Treasure cards
        6:  105:  state->supplyCount[copper] = 60 - (7 * numPlayers);
        6:  106:  state->supplyCount[silver] = 40;
        6:  107:  state->supplyCount[gold] = 30;
        -:  108:
        -:  109:  //set number of Kingdom cards
      126:  110:  for (i = adventurer; i <= treasure_map; i++)       	//loop all cards
branch  0 taken 95%
branch  1 taken 5% (fallthrough)
        -:  111:    {
      990:  112:      for (j = 0; j < 10; j++)           		//loop chosen cards
branch  0 taken 94%
branch  1 taken 6% (fallthrough)
        -:  113:	{
      930:  114:	  if (kingdomCards[j] == i)
branch  0 taken 6% (fallthrough)
branch  1 taken 94%
        -:  115:	    {
        -:  116:	      //check if card is a 'Victory' Kingdom card
       60:  117:	      if (kingdomCards[j] == great_hall || kingdomCards[j] == gardens)
branch  0 taken 100% (fallthrough)
branch  1 taken 0%
branch  2 taken 10% (fallthrough)
branch  3 taken 90%
        -:  118:		{
       12:  119:		  if (numPlayers == 2){ 
branch  0 taken 33% (fallthrough)
branch  1 taken 67%
        2:  120:		    state->supplyCount[i] = 8; 
        -:  121:		  }
        4:  122:		  else{ state->supplyCount[i] = 12; }
        -:  123:		}
        -:  124:	      else
        -:  125:		{
       54:  126:		  state->supplyCount[i] = 10;
        -:  127:		}
       60:  128:	      break;
        -:  129:	    }
        -:  130:	  else    //card is not in the set choosen for the game
        -:  131:	    {
      870:  132:	      state->supplyCount[i] = -1;
        -:  133:	    }
        -:  134:	}
        -:  135:
        -:  136:    }
        -:  137:
        -:  138:  ////////////////////////
        -:  139:  //supply intilization complete
        -:  140:
        -:  141:  //set player decks
       23:  142:  for (i = 0; i < numPlayers; i++)
branch  0 taken 74%
branch  1 taken 26% (fallthrough)
        -:  143:    {
       17:  144:      state->deckCount[i] = 0;
       68:  145:      for (j = 0; j < 3; j++)
branch  0 taken 75%
branch  1 taken 25% (fallthrough)
        -:  146:	{
       51:  147:	  state->deck[i][j] = estate;
       51:  148:	  state->deckCount[i]++;
        -:  149:	}
      136:  150:      for (j = 3; j < 10; j++)
branch  0 taken 88%
branch  1 taken 13% (fallthrough)
        -:  151:	{
      119:  152:	  state->deck[i][j] = copper;
      119:  153:	  state->deckCount[i]++;		
        -:  154:	}
        -:  155:    }
        -:  156:
        -:  157:  //shuffle player decks
       23:  158:  for (i = 0; i < numPlayers; i++)
branch  0 taken 74%
branch  1 taken 26% (fallthrough)
        -:  159:    {
       17:  160:      if ( shuffle(i, state) < 0 )
call    0 returned 100%
branch  1 taken 0% (fallthrough)
branch  2 taken 100%
        -:  161:	{
    #####:  162:	  return -1;
        -:  163:	}
        -:  164:    }
        -:  165:
        -:  166:  //draw player hands
       23:  167:  for (i = 0; i < numPlayers; i++)
branch  0 taken 74%
branch  1 taken 26% (fallthrough)
        -:  168:    {  
        -:  169:      //initialize hand size to zero
       17:  170:      state->handCount[i] = 0;
       17:  171:      state->discardCount[i] = 0;
        -:  172:      //draw 5 cards
        -:  173:      // for (j = 0; j < 5; j++)
        -:  174:      //	{
        -:  175:      //	  drawCard(i, state);
        -:  176:      //	}
        -:  177:    }
        -:  178:  
        -:  179:  //set embargo tokens to 0 for all supply piles
      168:  180:  for (i = 0; i <= treasure_map; i++)
branch  0 taken 96%
branch  1 taken 4% (fallthrough)
        -:  181:    {
      162:  182:      state->embargoTokens[i] = 0;
        -:  183:    }
        -:  184:
        -:  185:  //initialize first player's turn
        6:  186:  state->outpostPlayed = 0;
        6:  187:  state->phase = 0;
        6:  188:  state->numActions = 1;
        6:  189:  state->numBuys = 1;
        6:  190:  state->playedCardCount = 0;
        6:  191:  state->whoseTurn = 0;
        6:  192:  state->handCount[state->whoseTurn] = 0;
        -:  193:  //int it; move to top
        -:  194:
        -:  195:  //Moved draw cards to here, only drawing at the start of a turn
       36:  196:  for (it = 0; it < 5; it++){
branch  0 taken 83%
branch  1 taken 17% (fallthrough)
       30:  197:    drawCard(state->whoseTurn, state);
call    0 returned 100%
        -:  198:  }
        -:  199:
        6:  200:  updateCoins(state->whoseTurn, state, 0);
call    0 returned 100%
        -:  201:
        6:  202:  return 0;
        -:  203:}
        -:  204:
function shuffle called 17 returned 100% blocks executed 94%
       17:  205:int shuffle(int player, struct gameState *state) {
        -:  206: 
        -:  207:
        -:  208:  int newDeck[MAX_DECK];
       17:  209:  int newDeckPos = 0;
        -:  210:  int card;
        -:  211:  int i;
        -:  212:
       17:  213:  if (state->deckCount[player] < 1)
branch  0 taken 0% (fallthrough)
branch  1 taken 100%
    #####:  214:    return -1;
       17:  215:  qsort ((void*)(state->deck[player]), state->deckCount[player], sizeof(int), compare); 
call    0 returned 100%
        -:  216:  /* SORT CARDS IN DECK TO ENSURE DETERMINISM! */
        -:  217:
      204:  218:  while (state->deckCount[player] > 0) {
branch  0 taken 91%
branch  1 taken 9% (fallthrough)
      170:  219:    card = floor(Random() * state->deckCount[player]);
call    0 returned 100%
      170:  220:    newDeck[newDeckPos] = state->deck[player][card];
      170:  221:    newDeckPos++;
      614:  222:    for (i = card; i < state->deckCount[player]-1; i++) {
branch  0 taken 72%
branch  1 taken 28% (fallthrough)
      444:  223:      state->deck[player][i] = state->deck[player][i+1];
        -:  224:    }
      170:  225:    state->deckCount[player]--;
        -:  226:  }
      187:  227:  for (i = 0; i < newDeckPos; i++) {
branch  0 taken 91%
branch  1 taken 9% (fallthrough)
      170:  228:    state->deck[player][i] = newDeck[i];
      170:  229:    state->deckCount[player]++;
        -:  230:  }
        -:  231:
       17:  232:  return 0;
        -:  233:}
        -:  234:
function playCard called 17 returned 100% blocks executed 73%
       17:  235:int playCard(int handPos, int choice1, int choice2, int choice3, struct gameState *state) 
        -:  236:{	
        -:  237:  int card;
       17:  238:  int coin_bonus = 0; 		//tracks coins gain from actions
        -:  239:
        -:  240:  //check if it is the right phase
       17:  241:  if (state->phase != 0)
branch  0 taken 0% (fallthrough)
branch  1 taken 100%
        -:  242:    {
    #####:  243:      return -1;
        -:  244:    }
        -:  245:	
        -:  246:  //check if player has enough actions
       17:  247:  if ( state->numActions < 1 )
branch  0 taken 0% (fallthrough)
branch  1 taken 100%
        -:  248:    {
    #####:  249:      return -1;
        -:  250:    }
        -:  251:	
        -:  252:  //get card played
       17:  253:  card = handCard(handPos, state);
call    0 returned 100%
        -:  254:	
        -:  255:  //check if selected card is an action
       17:  256:  if ( card < adventurer || card > treasure_map )
branch  0 taken 100% (fallthrough)
branch  1 taken 0%
branch  2 taken 0% (fallthrough)
branch  3 taken 100%
        -:  257:    {
    #####:  258:      return -1;
        -:  259:    }
        -:  260:	
        -:  261:  //play card
       17:  262:  if ( cardEffect(card, choice1, choice2, choice3, state, handPos, &coin_bonus) < 0 )
call    0 returned 100%
branch  1 taken 0% (fallthrough)
branch  2 taken 100%
        -:  263:    {
    #####:  264:      return -1;
        -:  265:    }
        -:  266:	
        -:  267:  //reduce number of actions
       17:  268:  state->numActions--;
        -:  269:
        -:  270:  //update coins (Treasure cards may be added with card draws)
       17:  271:  updateCoins(state->whoseTurn, state, coin_bonus);
call    0 returned 100%
        -:  272:	
       17:  273:  return 0;
        -:  274:}
        -:  275:
function buyCard called 0 returned 0% blocks executed 0%
    #####:  276:int buyCard(int supplyPos, struct gameState *state) {
        -:  277:  int who;
        -:  278:  if (DEBUG){
        -:  279:    printf("Entering buyCard...\n");
        -:  280:  }
        -:  281:
        -:  282:  // I don't know what to do about the phase thing.
        -:  283:
    #####:  284:  who = state->whoseTurn;
        -:  285:
    #####:  286:  if (state->numBuys < 1){
branch  0 never executed
branch  1 never executed
        -:  287:    if (DEBUG)
        -:  288:      printf("You do not have any buys left\n");
    #####:  289:    return -1;
    #####:  290:  } else if (supplyCount(supplyPos, state) <1){
call    0 never executed
branch  1 never executed
branch  2 never executed
        -:  291:    if (DEBUG)
        -:  292:      printf("There are not any of that type of card left\n");
    #####:  293:    return -1;
    #####:  294:  } else if (state->coins < getCost(supplyPos)){
call    0 never executed
branch  1 never executed
branch  2 never executed
        -:  295:    if (DEBUG) 
        -:  296:      printf("You do not have enough money to buy that. You have %d coins.\n", state->coins);
    #####:  297:    return -1;
        -:  298:  } else {
    #####:  299:    state->phase=1;
        -:  300:    //state->supplyCount[supplyPos]--;
    #####:  301:    gainCard(supplyPos, state, 0, who); //card goes in discard, this might be wrong.. (2 means goes into hand, 0 goes into discard)
call    0 never executed
        -:  302:  
    #####:  303:    state->coins = (state->coins) - (getCost(supplyPos));
call    0 never executed
    #####:  304:    state->numBuys--;
        -:  305:    if (DEBUG)
        -:  306:      printf("You bought card number %d for %d coins. You now have %d buys and %d coins.\n", supplyPos, getCost(supplyPos), state->numBuys, state->coins);
        -:  307:  }
        -:  308:
        -:  309:  //state->discard[who][state->discardCount[who]] = supplyPos;
        -:  310:  //state->discardCount[who]++;
        -:  311:    
    #####:  312:  return 0;
        -:  313:}
        -:  314:
function numHandCards called 0 returned 0% blocks executed 0%
    #####:  315:int numHandCards(struct gameState *state) {
    #####:  316:  return state->handCount[ whoseTurn(state) ];
call    0 never executed
        -:  317:}
        -:  318:
function handCard called 17 returned 100% blocks executed 100%
       17:  319:int handCard(int handPos, struct gameState *state) {
       17:  320:  int currentPlayer = whoseTurn(state);
call    0 returned 100%
       17:  321:  return state->hand[currentPlayer][handPos];
        -:  322:}
        -:  323:
function supplyCount called 0 returned 0% blocks executed 0%
    #####:  324:int supplyCount(int card, struct gameState *state) {
    #####:  325:  return state->supplyCount[card];
        -:  326:}
        -:  327:
function fullDeckCount called 0 returned 0% blocks executed 0%
    #####:  328:int fullDeckCount(int player, int card, struct gameState *state) {
        -:  329:  int i;
    #####:  330:  int count = 0;
        -:  331:
    #####:  332:  for (i = 0; i < state->deckCount[player]; i++)
branch  0 never executed
branch  1 never executed
        -:  333:    {
    #####:  334:      if (state->deck[player][i] == card) count++;
branch  0 never executed
branch  1 never executed
        -:  335:    }
        -:  336:
    #####:  337:  for (i = 0; i < state->handCount[player]; i++)
branch  0 never executed
branch  1 never executed
        -:  338:    {
    #####:  339:      if (state->hand[player][i] == card) count++;
branch  0 never executed
branch  1 never executed
        -:  340:    }
        -:  341:
    #####:  342:  for (i = 0; i < state->discardCount[player]; i++)
branch  0 never executed
branch  1 never executed
        -:  343:    {
    #####:  344:      if (state->discard[player][i] == card) count++;
branch  0 never executed
branch  1 never executed
        -:  345:    }
        -:  346:
    #####:  347:  return count;
        -:  348:}
        -:  349:
function whoseTurn called 68 returned 100% blocks executed 100%
       68:  350:int whoseTurn(struct gameState *state) {
       68:  351:  return state->whoseTurn;
        -:  352:}
        -:  353:
function endTurn called 17 returned 100% blocks executed 100%
       17:  354:int endTurn(struct gameState *state) {
        -:  355:  int k;
        -:  356:  int i;
       17:  357:  int currentPlayer = whoseTurn(state);
call    0 returned 100%
        -:  358:  
        -:  359:  //Discard hand
     4356:  360:  for (i = 0; i < state->handCount[currentPlayer]; i++){
branch  0 taken 99%
branch  1 taken 1% (fallthrough)
     4339:  361:    state->discard[currentPlayer][state->discardCount[currentPlayer]++] = state->hand[currentPlayer][i];//Discard
     4339:  362:    state->hand[currentPlayer][i] = -1;//Set card to -1
        -:  363:  }
       17:  364:  state->handCount[currentPlayer] = 0;//Reset hand count
        -:  365:    
        -:  366:  //Code for determining the player
       17:  367:  if (currentPlayer < (state->numPlayers - 1)){ 
branch  0 taken 65% (fallthrough)
branch  1 taken 35%
       11:  368:    state->whoseTurn = currentPlayer + 1;//Still safe to increment
        -:  369:  }
        -:  370:  else{
        6:  371:    state->whoseTurn = 0;//Max player has been reached, loop back around to player 1
        -:  372:  }
        -:  373:
       17:  374:  state->outpostPlayed = 0;
       17:  375:  state->phase = 0;
       17:  376:  state->numActions = 1;
       17:  377:  state->coins = 0;
       17:  378:  state->numBuys = 1;
       17:  379:  state->playedCardCount = 0;
       17:  380:  state->handCount[state->whoseTurn] = 0;
        -:  381:
        -:  382:  //int k; move to top
        -:  383:  //Next player draws hand
      102:  384:  for (k = 0; k < 5; k++){
branch  0 taken 83%
branch  1 taken 17% (fallthrough)
       85:  385:    drawCard(state->whoseTurn, state);//Draw a card
call    0 returned 100%
        -:  386:  }
        -:  387:
        -:  388:  //Update money
       17:  389:  updateCoins(state->whoseTurn, state , 0);
call    0 returned 100%
        -:  390:
       17:  391:  return 0;
        -:  392:}
        -:  393:
function isGameOver called 0 returned 0% blocks executed 0%
    #####:  394:int isGameOver(struct gameState *state) {
        -:  395:  int i;
        -:  396:  int j;
        -:  397:	
        -:  398:  //if stack of Province cards is empty, the game ends
    #####:  399:  if (state->supplyCount[province] == 0)
branch  0 never executed
branch  1 never executed
        -:  400:    {
    #####:  401:      return 1;
        -:  402:    }
        -:  403:
        -:  404:  //if three supply pile are at 0, the game ends
    #####:  405:  j = 0;
    #####:  406:  for (i = 0; i < 25; i++)
branch  0 never executed
branch  1 never executed
        -:  407:    {
    #####:  408:      if (state->supplyCount[i] == 0)
branch  0 never executed
branch  1 never executed
        -:  409:	{
    #####:  410:	  j++;
        -:  411:	}
        -:  412:    }
    #####:  413:  if ( j >= 3)
branch  0 never executed
branch  1 never executed
        -:  414:    {
    #####:  415:      return 1;
        -:  416:    }
        -:  417:
    #####:  418:  return 0;
        -:  419:}
        -:  420:
function scoreFor called 0 returned 0% blocks executed 0%
    #####:  421:int scoreFor (int player, struct gameState *state) {
        -:  422:
        -:  423:  int i;
    #####:  424:  int score = 0;
        -:  425:  //score from hand
    #####:  426:  for (i = 0; i < state->handCount[player]; i++)
branch  0 never executed
branch  1 never executed
        -:  427:    {
    #####:  428:      if (state->hand[player][i] == curse) { score = score - 1; };
branch  0 never executed
branch  1 never executed
    #####:  429:      if (state->hand[player][i] == estate) { score = score + 1; };
branch  0 never executed
branch  1 never executed
    #####:  430:      if (state->hand[player][i] == duchy) { score = score + 3; };
branch  0 never executed
branch  1 never executed
    #####:  431:      if (state->hand[player][i] == province) { score = score + 6; };
branch  0 never executed
branch  1 never executed
    #####:  432:      if (state->hand[player][i] == great_hall) { score = score + 1; };
branch  0 never executed
branch  1 never executed
    #####:  433:      if (state->hand[player][i] == gardens) { score = score + ( fullDeckCount(player, 0, state) / 10 ); };
branch  0 never executed
branch  1 never executed
call    2 never executed
        -:  434:    }
        -:  435:
        -:  436:  //score from discard
    #####:  437:  for (i = 0; i < state->discardCount[player]; i++)
branch  0 never executed
branch  1 never executed
        -:  438:    {
    #####:  439:      if (state->discard[player][i] == curse) { score = score - 1; };
branch  0 never executed
branch  1 never executed
    #####:  440:      if (state->discard[player][i] == estate) { score = score + 1; };
branch  0 never executed
branch  1 never executed
    #####:  441:      if (state->discard[player][i] == duchy) { score = score + 3; };
branch  0 never executed
branch  1 never executed
    #####:  442:      if (state->discard[player][i] == province) { score = score + 6; };
branch  0 never executed
branch  1 never executed
    #####:  443:      if (state->discard[player][i] == great_hall) { score = score + 1; };
branch  0 never executed
branch  1 never executed
    #####:  444:      if (state->discard[player][i] == gardens) { score = score + ( fullDeckCount(player, 0, state) / 10 ); };
branch  0 never executed
branch  1 never executed
call    2 never executed
        -:  445:    }
        -:  446:
        -:  447:  //score from deck
    #####:  448:  for (i = 0; i < state->discardCount[player]; i++)
branch  0 never executed
branch  1 never executed
        -:  449:    {
    #####:  450:      if (state->deck[player][i] == curse) { score = score - 1; };
branch  0 never executed
branch  1 never executed
    #####:  451:      if (state->deck[player][i] == estate) { score = score + 1; };
branch  0 never executed
branch  1 never executed
    #####:  452:      if (state->deck[player][i] == duchy) { score = score + 3; };
branch  0 never executed
branch  1 never executed
    #####:  453:      if (state->deck[player][i] == province) { score = score + 6; };
branch  0 never executed
branch  1 never executed
    #####:  454:      if (state->deck[player][i] == great_hall) { score = score + 1; };
branch  0 never executed
branch  1 never executed
    #####:  455:      if (state->deck[player][i] == gardens) { score = score + ( fullDeckCount(player, 0, state) / 10 ); };
branch  0 never executed
branch  1 never executed
call    2 never executed
        -:  456:    }
        -:  457:
    #####:  458:  return score;
        -:  459:}
        -:  460:
function getWinners called 0 returned 0% blocks executed 0%
    #####:  461:int getWinners(int players[MAX_PLAYERS], struct gameState *state) {
        -:  462:  int i;	
        -:  463:  int j;
        -:  464:  int highScore;
        -:  465:  int currentPlayer;
        -:  466:
        -:  467:  //get score for each player
    #####:  468:  for (i = 0; i < MAX_PLAYERS; i++)
branch  0 never executed
branch  1 never executed
        -:  469:    {
        -:  470:      //set unused player scores to -9999
    #####:  471:      if (i >= state->numPlayers)
branch  0 never executed
branch  1 never executed
        -:  472:	{
    #####:  473:	  players[i] = -9999;
        -:  474:	}
        -:  475:      else
        -:  476:	{
    #####:  477:	  players[i] = scoreFor (i, state);
call    0 never executed
        -:  478:	}
        -:  479:    }
        -:  480:
        -:  481:  //find highest score
    #####:  482:  j = 0;
    #####:  483:  for (i = 0; i < MAX_PLAYERS; i++)
branch  0 never executed
branch  1 never executed
        -:  484:    {
    #####:  485:      if (players[i] > players[j])
branch  0 never executed
branch  1 never executed
        -:  486:	{
    #####:  487:	  j = i;
        -:  488:	}
        -:  489:    }
    #####:  490:  highScore = players[j];
        -:  491:
        -:  492:  //add 1 to players who had less turns
    #####:  493:  currentPlayer = whoseTurn(state);
call    0 never executed
    #####:  494:  for (i = 0; i < MAX_PLAYERS; i++)
branch  0 never executed
branch  1 never executed
        -:  495:    {
    #####:  496:      if ( players[i] == highScore && i > currentPlayer )
branch  0 never executed
branch  1 never executed
branch  2 never executed
branch  3 never executed
        -:  497:	{
    #####:  498:	  players[i]++;
        -:  499:	}
        -:  500:    }
        -:  501:
        -:  502:  //find new highest score
    #####:  503:  j = 0;
    #####:  504:  for (i = 0; i < MAX_PLAYERS; i++)
branch  0 never executed
branch  1 never executed
        -:  505:    {
    #####:  506:      if ( players[i] > players[j] )
branch  0 never executed
branch  1 never executed
        -:  507:	{
    #####:  508:	  j = i;
        -:  509:	}
        -:  510:    }
    #####:  511:  highScore = players[j];
        -:  512:
        -:  513:  //set winners in array to 1 and rest to 0
    #####:  514:  for (i = 0; i < MAX_PLAYERS; i++)
branch  0 never executed
branch  1 never executed
        -:  515:    {
    #####:  516:      if ( players[i] == highScore )
branch  0 never executed
branch  1 never executed
        -:  517:	{
    #####:  518:	  players[i] = 1;
        -:  519:	}
        -:  520:      else
        -:  521:	{
    #####:  522:	  players[i] = 0;
        -:  523:	}
        -:  524:    }
        -:  525:
    #####:  526:  return 0;
        -:  527:}
        -:  528:
function drawCard called 4719 returned 100% blocks executed 38%
     4719:  529:int drawCard(int player, struct gameState *state)
        -:  530:{	int count;
        -:  531:  int deckCounter;
     4719:  532:  if (state->deckCount[player] <= 0){//Deck is empty
branch  0 taken 0% (fallthrough)
branch  1 taken 100%
        -:  533:    
        -:  534:    //Step 1 Shuffle the discard pile back into a deck
        -:  535:    int i;
        -:  536:    //Move discard to deck
    #####:  537:    for (i = 0; i < state->discardCount[player];i++){
branch  0 never executed
branch  1 never executed
    #####:  538:      state->deck[player][i] = state->discard[player][i];
    #####:  539:      state->discard[player][i] = -1;
        -:  540:    }
        -:  541:
    #####:  542:    state->deckCount[player] = state->discardCount[player];
    #####:  543:    state->discardCount[player] = 0;//Reset discard
        -:  544:
        -:  545:    //Shufffle the deck
    #####:  546:    shuffle(player, state);//Shuffle the deck up and make it so that we can draw
call    0 never executed
        -:  547:   
        -:  548:    if (DEBUG){//Debug statements
        -:  549:      printf("Deck count now: %d\n", state->deckCount[player]);
        -:  550:    }
        -:  551:    
    #####:  552:    state->discardCount[player] = 0;
        -:  553:
        -:  554:    //Step 2 Draw Card
    #####:  555:    count = state->handCount[player];//Get current player's hand count
        -:  556:    
        -:  557:    if (DEBUG){//Debug statements
        -:  558:      printf("Current hand count: %d\n", count);
        -:  559:    }
        -:  560:    
    #####:  561:    deckCounter = state->deckCount[player];//Create a holder for the deck count
        -:  562:
    #####:  563:    if (deckCounter == 0)
branch  0 never executed
branch  1 never executed
    #####:  564:      return -1;
        -:  565:
    #####:  566:    state->hand[player][count] = state->deck[player][deckCounter - 1];//Add card to hand
    #####:  567:    state->deckCount[player]--;
    #####:  568:    state->handCount[player]++;//Increment hand count
        -:  569:  }
        -:  570:
        -:  571:  else{
     4719:  572:    int count = state->handCount[player];//Get current hand count for player
        -:  573:    int deckCounter;
        -:  574:    if (DEBUG){//Debug statements
        -:  575:      printf("Current hand count: %d\n", count);
        -:  576:    }
        -:  577:
     4719:  578:    deckCounter = state->deckCount[player];//Create holder for the deck count
     4719:  579:    state->hand[player][count] = state->deck[player][deckCounter - 1];//Add card to the hand
     4719:  580:    state->deckCount[player]--;
     4719:  581:    state->handCount[player]++;//Increment hand count
        -:  582:  }
        -:  583:
     4719:  584:  return 0;
        -:  585:}
        -:  586:
        -:  587:
        -:  588://*****************
        -:  589://*****************
        -:  590://*****************
        -:  591://*****************
        -:  592://*****************
        -:  593://*****************
        -:  594://*****************
        -:  595://*****************
        -:  596://*****************
        -:  597://*****************
        -:  598://*****************
        -:  599://*****************
        -:  600://card functions
function cardsmithy called 0 returned 0% blocks executed 0%
    #####:  601:void cardsmithy(struct gameState *state, int handPos)
        -:  602:{
        -:  603:  //+3 Cards
    #####:  604:  int currentPlayer = whoseTurn(state);
call    0 never executed
        -:  605:  int i;
    #####:  606:  for (i = 0; i < 2; i++)
branch  0 never executed
branch  1 never executed
        -:  607:	{
    #####:  608:	  drawCard(currentPlayer, state);
call    0 never executed
        -:  609:	}
        -:  610:			
        -:  611:  //discard card from hand
    #####:  612:  discardCard(handPos, currentPlayer, state, 0);
call    0 never executed
    #####:  613:  return;
        -:  614:}
        -:  615:
        -:  616:
function cardadventurer called 17 returned 100% blocks executed 94%
       17:  617:void cardadventurer( struct gameState *state)
        -:  618:{
       17:  619:  int z = 0;
       17:  620:  int drawntreasure = 0;
        -:  621:  int cardDrawn;
        -:  622:  int temphand[MAX_HAND];// moved above the if statement
       17:  623:  int currentPlayer = whoseTurn(state);
call    0 returned 100%
        -:  624:
     4638:  625:  while(drawntreasure<2){
branch  0 taken 99%
branch  1 taken 1% (fallthrough)
     4604:  626:	  if (state->deckCount[currentPlayer] <1){//if the deck is empty we need to shuffle discard and add to deck
branch  0 taken 0% (fallthrough)
branch  1 taken 100%
    #####:  627:	    shuffle(currentPlayer, state);
call    0 never executed
        -:  628:	  }
     4604:  629:	  drawCard(currentPlayer, state);
call    0 returned 100%
     4604:  630:	  cardDrawn = state->hand[currentPlayer][state->handCount[currentPlayer]-1];//top card of hand is most recently drawn card.
     4604:  631:	  if (cardDrawn == copper || cardDrawn == silver || cardDrawn == gold)
branch  0 taken 99% (fallthrough)
branch  1 taken 1%
branch  2 taken 100% (fallthrough)
branch  3 taken 0%
branch  4 taken 0% (fallthrough)
branch  5 taken 100%
       34:  632:	    drawntreasure++;
        -:  633:	  else{
     4570:  634:	    temphand[z]=cardDrawn;
     4570:  635:	    state->handCount[currentPlayer]--; //this should just remove the top card (the most recently drawn one).
     4570:  636:	    z++;
        -:  637:	  }
        -:  638:  }
     4604:  639:  while(z-1>=0){
branch  0 taken 99%
branch  1 taken 1% (fallthrough)
     4570:  640:	  state->discard[currentPlayer][state->discardCount[currentPlayer]++]=temphand[z-1]; // discard all cards in play that have been drawn
     4570:  641:	  z=z-1;
        -:  642:  }
       17:  643:  return;
        -:  644:}
        -:  645:
        -:  646:
function cardmine called 0 returned 0% blocks executed 0%
    #####:  647:int cardmine(int card, int choice1, int choice2, int choice3, struct gameState *state, int handPos)
        -:  648:{
    #####:  649:  int currentPlayer = whoseTurn(state);
call    0 never executed
        -:  650:  int j;
    #####:  651:  j = state->hand[currentPlayer][choice2];  //store card we will trash
        -:  652:
    #####:  653:  if (state->hand[currentPlayer][choice1] < copper || state->hand[currentPlayer][choice1] > gold)
branch  0 never executed
branch  1 never executed
branch  2 never executed
branch  3 never executed
        -:  654:	{
    #####:  655:	  return -1;
        -:  656:	}
        -:  657:		
    #####:  658:  if (choice2 > treasure_map || choice2 < curse)
branch  0 never executed
branch  1 never executed
branch  2 never executed
branch  3 never executed
        -:  659:	{
    #####:  660:	  return -1;
        -:  661:	}
        -:  662:
    #####:  663:  if ( (getCost(state->hand[currentPlayer][choice1]) + 3) > getCost(choice2) )
call    0 never executed
call    1 never executed
branch  2 never executed
branch  3 never executed
        -:  664:	{
    #####:  665:	  return -1;
        -:  666:	}
        -:  667:
    #####:  668:  gainCard(choice2, state, 2, currentPlayer);
call    0 never executed
        -:  669:
        -:  670:  //discard card from hand
    #####:  671:  discardCard(handPos, currentPlayer, state, 0);
call    0 never executed
        -:  672:
        -:  673:  //discard trashed card
        -:  674:  int i;
    #####:  675:  for (i = 0; i < state->handCount[currentPlayer]; i++)
branch  0 never executed
branch  1 never executed
        -:  676:	{
    #####:  677:	  if (state->hand[currentPlayer][i] == j)
branch  0 never executed
branch  1 never executed
        -:  678:	    {
    #####:  679:	      discardCard(i, currentPlayer, state, 0);			
call    0 never executed
    #####:  680:	      break;
        -:  681:	    }
        -:  682:	}
    #####:  683:  return 0;
        -:  684:}
        -:  685:
        -:  686:
function cardremodel called 0 returned 0% blocks executed 0%
    #####:  687:int cardremodel(int card, int choice1, int choice2, int choice3, struct gameState *state, int handPos)
        -:  688:{
    #####:  689:  int currentPlayer = whoseTurn(state);
call    0 never executed
        -:  690:  int j;
    #####:  691:  j = state->hand[currentPlayer][choice1];  //store card we will trash
        -:  692:
    #####:  693:  if ( (getCost(state->hand[currentPlayer][choice1]) + 2) > getCost(choice2) )
call    0 never executed
call    1 never executed
branch  2 never executed
branch  3 never executed
        -:  694:	{
    #####:  695:	  return -1;
        -:  696:	}
        -:  697:
    #####:  698:  gainCard(choice2, state, 0, currentPlayer);
call    0 never executed
        -:  699:
        -:  700:  //discard card from hand
    #####:  701:  discardCard(handPos, currentPlayer, state, 0);
call    0 never executed
        -:  702:
        -:  703:  //discard trashed card
        -:  704:  int i;
    #####:  705:  for (i = 0; i < state->handCount[currentPlayer]; i++)
branch  0 never executed
branch  1 never executed
        -:  706:	{
    #####:  707:	  if (state->hand[currentPlayer][i] != j)
branch  0 never executed
branch  1 never executed
        -:  708:	    {
    #####:  709:	      discardCard(i, currentPlayer, state, 0);			
call    0 never executed
    #####:  710:	      break;
        -:  711:	    }
        -:  712:	}
        -:  713:
        -:  714:
    #####:  715:  return 0;
        -:  716:}
        -:  717:
        -:  718:
function cardbaron called 0 returned 0% blocks executed 0%
    #####:  719:void cardbaron(int card, int choice1, int choice2, int choice3, struct gameState *state, int handPos, int *bonus, int currentPlayer)
        -:  720:{
    #####:  721:  state->numBuys++;//Increase buys by 1!
    #####:  722:      if (choice1 > 0){//Boolean true or going to discard an estate
branch  0 never executed
branch  1 never executed
    #####:  723:	int p = 1;//Iterator for hand!
    #####:  724:	int card_not_discarded = 1;//Flag for discard set!
    #####:  725:	while(card_not_discarded){
branch  0 never executed
branch  1 never executed
    #####:  726:	  if (state->hand[currentPlayer][p] == estate){//Found an estate card!
branch  0 never executed
branch  1 never executed
    #####:  727:	    state->coins += 4;//Add 4 coins to the amount of coins
    #####:  728:	    state->discard[currentPlayer][state->discardCount[currentPlayer]] = state->hand[currentPlayer][p];
    #####:  729:	    state->discardCount[currentPlayer]++;
    #####:  730:	    for (;p < state->handCount[currentPlayer]; p++){
branch  0 never executed
branch  1 never executed
    #####:  731:	      state->hand[currentPlayer][p] = state->hand[currentPlayer][p+1];
        -:  732:	    }
    #####:  733:	    state->hand[currentPlayer][state->handCount[currentPlayer]] = -1;
    #####:  734:	    state->handCount[currentPlayer]--;
    #####:  735:	    card_not_discarded = 0;//Exit the loop
        -:  736:	  }
    #####:  737:	  else if (p > state->handCount[currentPlayer]){
branch  0 never executed
branch  1 never executed
        -:  738:	    if(DEBUG) {
        -:  739:	      printf("No estate cards in your hand, invalid choice\n");
        -:  740:	      printf("Must gain an estate if there are any\n");
        -:  741:	    }
    #####:  742:	    if (supplyCount(estate, state) > 0){
call    0 never executed
branch  1 never executed
branch  2 never executed
    #####:  743:	      gainCard(estate, state, 0, currentPlayer);
call    0 never executed
    #####:  744:	      state->supplyCount[estate]--;//Decrement estates
    #####:  745:	      if (supplyCount(estate, state) == 0){
call    0 never executed
branch  1 never executed
branch  2 never executed
    #####:  746:		isGameOver(state);
call    0 never executed
        -:  747:	      }
        -:  748:	    }
    #####:  749:	    card_not_discarded = 0;//Exit the loop
        -:  750:	  }
        -:  751:			    
        -:  752:	  else{
    #####:  753:	    p++;//Next card
        -:  754:	  }
        -:  755:	}
        -:  756:      }
        -:  757:			    
        -:  758:      else{
    #####:  759:	if (supplyCount(estate, state) > 0){
call    0 never executed
branch  1 never executed
branch  2 never executed
    #####:  760:	  gainCard(estate, state, 0, currentPlayer);//Gain an estate
call    0 never executed
    #####:  761:	  state->supplyCount[estate]--;//Decrement Estates
    #####:  762:	  if (supplyCount(estate, state) == 0){
call    0 never executed
branch  1 never executed
branch  2 never executed
    #####:  763:	    isGameOver(state);
call    0 never executed
        -:  764:	  }
        -:  765:	}
        -:  766:      }
        -:  767:	    
        -:  768:      
    #####:  769:      return;
        -:  770:}
        -:  771:
        -:  772://*****************
        -:  773://*****************
        -:  774://*****************
        -:  775://*****************
        -:  776://*****************
        -:  777://*****************
        -:  778://*****************
        -:  779://*****************
        -:  780://*****************
        -:  781://*****************
        -:  782://*****************
        -:  783://*****************
        -:  784:
        -:  785:
function getCost called 0 returned 0% blocks executed 0%
    #####:  786:int getCost(int cardNumber)
        -:  787:{
    #####:  788:  switch( cardNumber ) 
branch  0 never executed
branch  1 never executed
branch  2 never executed
branch  3 never executed
branch  4 never executed
branch  5 never executed
branch  6 never executed
branch  7 never executed
branch  8 never executed
branch  9 never executed
branch 10 never executed
branch 11 never executed
branch 12 never executed
branch 13 never executed
branch 14 never executed
branch 15 never executed
branch 16 never executed
branch 17 never executed
branch 18 never executed
branch 19 never executed
branch 20 never executed
branch 21 never executed
branch 22 never executed
branch 23 never executed
branch 24 never executed
branch 25 never executed
branch 26 never executed
branch 27 never executed
        -:  789:    {
        -:  790:    case curse:
    #####:  791:      return 0;
        -:  792:    case estate:
    #####:  793:      return 2;
        -:  794:    case duchy:
    #####:  795:      return 5;
        -:  796:    case province:
    #####:  797:      return 8;
        -:  798:    case copper:
    #####:  799:      return 0;
        -:  800:    case silver:
    #####:  801:      return 3;
        -:  802:    case gold:
    #####:  803:      return 6;
        -:  804:    case adventurer:
    #####:  805:      return 6;
        -:  806:    case council_room:
    #####:  807:      return 5;
        -:  808:    case feast:
    #####:  809:      return 4;
        -:  810:    case gardens:
    #####:  811:      return 4;
        -:  812:    case mine:
    #####:  813:      return 5;
        -:  814:    case remodel:
    #####:  815:      return 4;
        -:  816:    case smithy:
    #####:  817:      return 4;
        -:  818:    case village:
    #####:  819:      return 3;
        -:  820:    case baron:
    #####:  821:      return 4;
        -:  822:    case great_hall:
    #####:  823:      return 3;
        -:  824:    case minion:
    #####:  825:      return 5;
        -:  826:    case steward:
    #####:  827:      return 3;
        -:  828:    case tribute:
    #####:  829:      return 5;
        -:  830:    case ambassador:
    #####:  831:      return 3;
        -:  832:    case cutpurse:
    #####:  833:      return 4;
        -:  834:    case embargo: 
    #####:  835:      return 2;
        -:  836:    case outpost:
    #####:  837:      return 5;
        -:  838:    case salvager:
    #####:  839:      return 4;
        -:  840:    case sea_hag:
    #####:  841:      return 4;
        -:  842:    case treasure_map:
    #####:  843:      return 4;
        -:  844:    }
        -:  845:	
    #####:  846:  return -1;
        -:  847:}
        -:  848:
function cardEffect called 17 returned 100% blocks executed 4%
       17:  849:int cardEffect(int card, int choice1, int choice2, int choice3, struct gameState *state, int handPos, int *bonus)
        -:  850:{
        -:  851:  int i;
        -:  852:  int j;
        -:  853:  int k;
        -:  854:  int x;
        -:  855:  int index;
       17:  856:  int currentPlayer = whoseTurn(state);
call    0 returned 100%
       17:  857:  int nextPlayer = currentPlayer + 1;
        -:  858:
       17:  859:  int tributeRevealedCards[2] = {-1, -1};
        -:  860:  int temphand[MAX_HAND];// moved above the if statement
        -:  861:  int minereturn;
        -:  862:  int remodelreturn;
       17:  863:  if (nextPlayer > (state->numPlayers - 1)){
branch  0 taken 35% (fallthrough)
branch  1 taken 65%
        6:  864:    nextPlayer = 0;
        -:  865:  }
        -:  866:  
        -:  867:	
        -:  868:  //uses switch to select card and perform actions
       17:  869:  switch( card ) 
branch  0 taken 100%
branch  1 taken 0%
branch  2 taken 0%
branch  3 taken 0%
branch  4 taken 0%
branch  5 taken 0%
branch  6 taken 0%
branch  7 taken 0%
branch  8 taken 0%
branch  9 taken 0%
branch 10 taken 0%
branch 11 taken 0%
branch 12 taken 0%
branch 13 taken 0%
branch 14 taken 0%
branch 15 taken 0%
branch 16 taken 0%
branch 17 taken 0%
branch 18 taken 0%
branch 19 taken 0%
branch 20 taken 0%
        -:  870:    {
        -:  871:    case adventurer:
       17:  872:      cardadventurer(state);
call    0 returned 100%
       17:  873:      return 0;
        -:  874:			
        -:  875:    case council_room:
        -:  876:      //+4 Cards
    #####:  877:      for (i = 0; i < 4; i++)
branch  0 never executed
branch  1 never executed
        -:  878:	{
    #####:  879:	  drawCard(currentPlayer, state);
call    0 never executed
        -:  880:	}
        -:  881:			
        -:  882:      //+1 Buy
    #####:  883:      state->numBuys++;
        -:  884:			
        -:  885:      //Each other player draws a card
    #####:  886:      for (i = 0; i < state->numPlayers; i++)
branch  0 never executed
branch  1 never executed
        -:  887:	{
    #####:  888:	  if ( i != currentPlayer )
branch  0 never executed
branch  1 never executed
        -:  889:	    {
    #####:  890:	      drawCard(i, state);
call    0 never executed
        -:  891:	    }
        -:  892:	}
        -:  893:			
        -:  894:      //put played card in played card pile
    #####:  895:      discardCard(handPos, currentPlayer, state, 0);
call    0 never executed
        -:  896:			
    #####:  897:      return 0;
        -:  898:			
        -:  899:    case feast:
        -:  900:      //gain card with cost up to 5
        -:  901:      //Backup hand
    #####:  902:      for (i = 0; i <= state->handCount[currentPlayer]; i++){
branch  0 never executed
branch  1 never executed
    #####:  903:	temphand[i] = state->hand[currentPlayer][i];//Backup card
    #####:  904:	state->hand[currentPlayer][i] = -1;//Set to nothing
        -:  905:      }
        -:  906:      //Backup hand
        -:  907:
        -:  908:      //Update Coins for Buy
    #####:  909:      updateCoins(currentPlayer, state, 5);
call    0 never executed
    #####:  910:      x = 1;//Condition to loop on
    #####:  911:      while( x == 1) {//Buy one card
branch  0 never executed
branch  1 never executed
    #####:  912:	if (supplyCount(choice1, state) <= 0){
call    0 never executed
branch  1 never executed
branch  2 never executed
        -:  913:	  if (DEBUG)
        -:  914:	    printf("None of that card left, sorry!\n");
        -:  915:
        -:  916:	  if (DEBUG){
        -:  917:	    printf("Cards Left: %d\n", supplyCount(choice1, state));
        -:  918:	  }
        -:  919:	}
    #####:  920:	else if (state->coins < getCost(choice1)){
call    0 never executed
branch  1 never executed
branch  2 never executed
    #####:  921:	  printf("That card is too expensive!\n");
call    0 never executed
        -:  922:
        -:  923:	  if (DEBUG){
        -:  924:	    printf("Coins: %d < %d\n", state->coins, getCost(choice1));
        -:  925:	  }
        -:  926:	}
        -:  927:	else{
        -:  928:
        -:  929:	  if (DEBUG){
        -:  930:	    printf("Deck Count: %d\n", state->handCount[currentPlayer] + state->deckCount[currentPlayer] + state->discardCount[currentPlayer]);
        -:  931:	  }
        -:  932:
    #####:  933:	  gainCard(choice1, state, 0, currentPlayer);//Gain the card
call    0 never executed
    #####:  934:	  x = 0;//No more buying cards
        -:  935:
        -:  936:	  if (DEBUG){
        -:  937:	    printf("Deck Count: %d\n", state->handCount[currentPlayer] + state->deckCount[currentPlayer] + state->discardCount[currentPlayer]);
        -:  938:	  }
        -:  939:
        -:  940:	}
        -:  941:      }     
        -:  942:
        -:  943:      //Reset Hand
    #####:  944:      for (i = 0; i <= state->handCount[currentPlayer]; i++){
branch  0 never executed
branch  1 never executed
    #####:  945:	state->hand[currentPlayer][i] = temphand[i];
    #####:  946:	temphand[i] = -1;
        -:  947:      }
        -:  948:      //Reset Hand
        -:  949:      			
    #####:  950:      return 0;
        -:  951:			
        -:  952:    case gardens:
    #####:  953:      return -1;
        -:  954:			
        -:  955:    case mine:
    #####:  956:      minereturn = cardmine(card, choice1, choice2, choice3, state, handPos);
call    0 never executed
    #####:  957:      return minereturn;
        -:  958:			
        -:  959:    case remodel:
    #####:  960:      remodelreturn = cardremodel(card, choice1, choice2, choice3, state, handPos);
call    0 never executed
    #####:  961:      return remodelreturn;
        -:  962:		
        -:  963:    case smithy:
    #####:  964:      cardsmithy(state, handPos);
call    0 never executed
    #####:  965:      return 0;
        -:  966:		
        -:  967:    case village:
        -:  968:      //+1 Card
    #####:  969:      drawCard(currentPlayer, state);
call    0 never executed
        -:  970:			
        -:  971:      //+2 Actions
    #####:  972:      state->numActions = state->numActions + 2;
        -:  973:			
        -:  974:      //discard played card from hand
    #####:  975:      discardCard(handPos, currentPlayer, state, 0);
call    0 never executed
    #####:  976:      return 0;
        -:  977:		
        -:  978:    case baron:
    #####:  979:      cardbaron(card, choice1, choice2, choice3, state, handPos, bonus, currentPlayer);
call    0 never executed
    #####:  980:      return 0;
        -:  981:		
        -:  982:    case great_hall:
        -:  983:      //+1 Card
    #####:  984:      drawCard(currentPlayer, state);
call    0 never executed
        -:  985:			
        -:  986:      //+1 Actions
    #####:  987:      state->numActions++;
        -:  988:			
        -:  989:      //discard card from hand
    #####:  990:      discardCard(handPos, currentPlayer, state, 0);
call    0 never executed
    #####:  991:      return 0;
        -:  992:		
        -:  993:    case minion:
        -:  994:      //+1 action
    #####:  995:      state->numActions++;
        -:  996:			
        -:  997:      //discard card from hand
    #####:  998:      discardCard(handPos, currentPlayer, state, 0);
call    0 never executed
        -:  999:			
    #####: 1000:      if (choice1)		//+2 coins
branch  0 never executed
branch  1 never executed
        -: 1001:	{
    #####: 1002:	  state->coins = state->coins + 2;
        -: 1003:	}
        -: 1004:			
    #####: 1005:      else if (choice2)		//discard hand, redraw 4, other players with 5+ cards discard hand and draw 4
branch  0 never executed
branch  1 never executed
        -: 1006:	{
        -: 1007:	  //discard hand
    #####: 1008:	  while(numHandCards(state) > 0)
call    0 never executed
branch  1 never executed
branch  2 never executed
        -: 1009:	    {
    #####: 1010:	      discardCard(handPos, currentPlayer, state, 0);
call    0 never executed
        -: 1011:	    }
        -: 1012:				
        -: 1013:	  //draw 4
    #####: 1014:	  for (i = 0; i < 4; i++)
branch  0 never executed
branch  1 never executed
        -: 1015:	    {
    #####: 1016:	      drawCard(currentPlayer, state);
call    0 never executed
        -: 1017:	    }
        -: 1018:				
        -: 1019:	  //other players discard hand and redraw if hand size > 4
    #####: 1020:	  for (i = 0; i < state->numPlayers; i++)
branch  0 never executed
branch  1 never executed
        -: 1021:	    {
    #####: 1022:	      if (i != currentPlayer)
branch  0 never executed
branch  1 never executed
        -: 1023:		{
    #####: 1024:		  if ( state->handCount[i] > 4 )
branch  0 never executed
branch  1 never executed
        -: 1025:		    {
        -: 1026:		      //discard hand
    #####: 1027:		      while( state->handCount[i] > 0 )
branch  0 never executed
branch  1 never executed
        -: 1028:			{
    #####: 1029:			  discardCard(handPos, i, state, 0);
call    0 never executed
        -: 1030:			}
        -: 1031:							
        -: 1032:		      //draw 4
    #####: 1033:		      for (j = 0; j < 4; j++)
branch  0 never executed
branch  1 never executed
        -: 1034:			{
    #####: 1035:			  drawCard(i, state);
call    0 never executed
        -: 1036:			}
        -: 1037:		    }
        -: 1038:		}
        -: 1039:	    }
        -: 1040:				
        -: 1041:	}
    #####: 1042:      return 0;
        -: 1043:		
        -: 1044:    case steward:
    #####: 1045:      if (choice1 == 1)
branch  0 never executed
branch  1 never executed
        -: 1046:	{
        -: 1047:	  //+2 cards
    #####: 1048:	  drawCard(currentPlayer, state);
call    0 never executed
    #####: 1049:	  drawCard(currentPlayer, state);
call    0 never executed
        -: 1050:	}
    #####: 1051:      else if (choice1 == 2)
branch  0 never executed
branch  1 never executed
        -: 1052:	{
        -: 1053:	  //+2 coins
    #####: 1054:	  state->coins = state->coins + 2;
        -: 1055:	}
        -: 1056:      else
        -: 1057:	{
        -: 1058:	  //trash 2 cards in hand
    #####: 1059:	  discardCard(choice2, currentPlayer, state, 1);
call    0 never executed
    #####: 1060:	  discardCard(choice3, currentPlayer, state, 1);
call    0 never executed
        -: 1061:	}
        -: 1062:			
        -: 1063:      //discard card from hand
    #####: 1064:      discardCard(handPos, currentPlayer, state, 0);
call    0 never executed
    #####: 1065:      return 0;
        -: 1066:		
        -: 1067:    case tribute:
    #####: 1068:      if ((state->discardCount[nextPlayer] + state->deckCount[nextPlayer]) <= 1){
branch  0 never executed
branch  1 never executed
    #####: 1069:	if (state->deckCount[nextPlayer] > 0){
branch  0 never executed
branch  1 never executed
    #####: 1070:	  tributeRevealedCards[0] = state->deck[nextPlayer][state->deckCount[nextPlayer]-1];
    #####: 1071:	  state->deckCount[nextPlayer]--;
        -: 1072:	}
    #####: 1073:	else if (state->discardCount[nextPlayer] > 0){
branch  0 never executed
branch  1 never executed
    #####: 1074:	  tributeRevealedCards[0] = state->discard[nextPlayer][state->discardCount[nextPlayer]-1];
    #####: 1075:	  state->discardCount[nextPlayer]--;
        -: 1076:	}
        -: 1077:	else{
        -: 1078:	  //No Card to Reveal
        -: 1079:	  if (DEBUG){
        -: 1080:	    printf("No cards to reveal\n");
        -: 1081:	  }
        -: 1082:	}
        -: 1083:      }
        -: 1084:	    
        -: 1085:      else{
    #####: 1086:	if (state->deckCount[nextPlayer] == 0){
branch  0 never executed
branch  1 never executed
    #####: 1087:	  for (i = 0; i < state->discardCount[nextPlayer]; i++){
branch  0 never executed
branch  1 never executed
    #####: 1088:	    state->deck[nextPlayer][i] = state->discard[nextPlayer][i];//Move to deck
    #####: 1089:	    state->deckCount[nextPlayer]++;
    #####: 1090:	    state->discard[nextPlayer][i] = -1;
    #####: 1091:	    state->discardCount[nextPlayer]--;
        -: 1092:	  }
        -: 1093:			    
    #####: 1094:	  shuffle(nextPlayer,state);//Shuffle the deck
call    0 never executed
        -: 1095:	} 
    #####: 1096:	tributeRevealedCards[0] = state->deck[nextPlayer][state->deckCount[nextPlayer]-1];
    #####: 1097:	state->deck[nextPlayer][state->deckCount[nextPlayer]--] = -1;
    #####: 1098:	state->deckCount[nextPlayer]--;
    #####: 1099:	tributeRevealedCards[1] = state->deck[nextPlayer][state->deckCount[nextPlayer]-1];
    #####: 1100:	state->deck[nextPlayer][state->deckCount[nextPlayer]--] = -1;
    #####: 1101:	state->deckCount[nextPlayer]--;
        -: 1102:      }    
        -: 1103:		       
    #####: 1104:      if (tributeRevealedCards[0] == tributeRevealedCards[1]){//If we have a duplicate card, just drop one 
branch  0 never executed
branch  1 never executed
    #####: 1105:	state->playedCards[state->playedCardCount] = tributeRevealedCards[1];
    #####: 1106:	state->playedCardCount++;
    #####: 1107:	tributeRevealedCards[1] = -1;
        -: 1108:      }
        -: 1109:
    #####: 1110:      for (i = 0; i <= 2; i ++){
branch  0 never executed
branch  1 never executed
    #####: 1111:	if (tributeRevealedCards[i] == copper || tributeRevealedCards[i] == silver || tributeRevealedCards[i] == gold){//Treasure cards
branch  0 never executed
branch  1 never executed
branch  2 never executed
branch  3 never executed
branch  4 never executed
branch  5 never executed
    #####: 1112:	  state->coins += 2;
        -: 1113:	}
        -: 1114:		    
    #####: 1115:	else if (tributeRevealedCards[i] == estate || tributeRevealedCards[i] == duchy || tributeRevealedCards[i] == province || tributeRevealedCards[i] == gardens || tributeRevealedCards[i] == great_hall){//Victory Card Found
branch  0 never executed
branch  1 never executed
branch  2 never executed
branch  3 never executed
branch  4 never executed
branch  5 never executed
branch  6 never executed
branch  7 never executed
branch  8 never executed
branch  9 never executed
    #####: 1116:	  drawCard(currentPlayer, state);
call    0 never executed
    #####: 1117:	  drawCard(currentPlayer, state);
call    0 never executed
        -: 1118:	}
        -: 1119:	else{//Action Card
    #####: 1120:	  state->numActions = state->numActions + 2;
        -: 1121:	}
        -: 1122:      }
        -: 1123:	    
    #####: 1124:      return 0;
        -: 1125:		
        -: 1126:    case ambassador:
    #####: 1127:      j = 0;		//used to check if player has enough cards to discard
        -: 1128:
    #####: 1129:      if (choice2 > 2 || choice2 < 0)
branch  0 never executed
branch  1 never executed
branch  2 never executed
branch  3 never executed
        -: 1130:	{
    #####: 1131:	  return -1;				
        -: 1132:	}
        -: 1133:
    #####: 1134:      if (choice1 == handPos)
branch  0 never executed
branch  1 never executed
        -: 1135:	{
    #####: 1136:	  return -1;
        -: 1137:	}
        -: 1138:
    #####: 1139:      for (i = 0; i < state->handCount[currentPlayer]; i++)
branch  0 never executed
branch  1 never executed
        -: 1140:	{
    #####: 1141:	  if (i != handPos && i == state->hand[currentPlayer][choice1] && i != choice1)
branch  0 never executed
branch  1 never executed
branch  2 never executed
branch  3 never executed
branch  4 never executed
branch  5 never executed
        -: 1142:	    {
    #####: 1143:	      j++;
        -: 1144:	    }
        -: 1145:	}
    #####: 1146:      if (j < choice2)
branch  0 never executed
branch  1 never executed
        -: 1147:	{
    #####: 1148:	  return -1;				
        -: 1149:	}
        -: 1150:
        -: 1151:      if (DEBUG) 
        -: 1152:	printf("Player %d reveals card number: %d\n", currentPlayer, state->hand[currentPlayer][choice1]);
        -: 1153:
        -: 1154:      //increase supply count for choosen card by amount being discarded
    #####: 1155:      state->supplyCount[state->hand[currentPlayer][choice1]] += choice2;
        -: 1156:			
        -: 1157:      //each other player gains a copy of revealed card
    #####: 1158:      for (i = 0; i < state->numPlayers; i++)
branch  0 never executed
branch  1 never executed
        -: 1159:	{
    #####: 1160:	  if (i != currentPlayer)
branch  0 never executed
branch  1 never executed
        -: 1161:	    {
    #####: 1162:	      gainCard(state->hand[currentPlayer][choice1], state, 0, i);
call    0 never executed
        -: 1163:	    }
        -: 1164:	}
        -: 1165:
        -: 1166:      //discard played card from hand
    #####: 1167:      discardCard(handPos, currentPlayer, state, 0);			
call    0 never executed
        -: 1168:
        -: 1169:      //trash copies of cards returned to supply
    #####: 1170:      for (j = 0; j < choice2; j++)
branch  0 never executed
branch  1 never executed
        -: 1171:	{
    #####: 1172:	  for (i = 0; i < state->handCount[currentPlayer]; i++)
branch  0 never executed
branch  1 never executed
        -: 1173:	    {
    #####: 1174:	      if (state->hand[currentPlayer][i] == state->hand[currentPlayer][choice1])
branch  0 never executed
branch  1 never executed
        -: 1175:		{
    #####: 1176:		  discardCard(i, currentPlayer, state, 1);
call    0 never executed
    #####: 1177:		  break;
        -: 1178:		}
        -: 1179:	    }
        -: 1180:	}			
        -: 1181:
    #####: 1182:      return 0;
        -: 1183:		
        -: 1184:    case cutpurse:
        -: 1185:
    #####: 1186:      updateCoins(currentPlayer, state, 2);
call    0 never executed
    #####: 1187:      for (i = 0; i < state->numPlayers; i++)
branch  0 never executed
branch  1 never executed
        -: 1188:	{
    #####: 1189:	  if (i != currentPlayer)
branch  0 never executed
branch  1 never executed
        -: 1190:	    {
    #####: 1191:	      for (j = 0; j < state->handCount[i]; j++)
branch  0 never executed
branch  1 never executed
        -: 1192:		{
    #####: 1193:		  if (state->hand[i][j] == copper)
branch  0 never executed
branch  1 never executed
        -: 1194:		    {
    #####: 1195:		      discardCard(j, i, state, 0);
call    0 never executed
    #####: 1196:		      break;
        -: 1197:		    }
    #####: 1198:		  if (j == state->handCount[i])
branch  0 never executed
branch  1 never executed
        -: 1199:		    {
    #####: 1200:		      for (k = 0; k < state->handCount[i]; k++)
branch  0 never executed
branch  1 never executed
        -: 1201:			{
        -: 1202:			  if (DEBUG)
        -: 1203:			    printf("Player %d reveals card number %d\n", i, state->hand[i][k]);
        -: 1204:			}	
    #####: 1205:		      break;
        -: 1206:		    }		
        -: 1207:		}
        -: 1208:					
        -: 1209:	    }
        -: 1210:				
        -: 1211:	}				
        -: 1212:
        -: 1213:      //discard played card from hand
    #####: 1214:      discardCard(handPos, currentPlayer, state, 0);			
call    0 never executed
        -: 1215:
    #####: 1216:      return 0;
        -: 1217:
        -: 1218:		
        -: 1219:    case embargo: 
        -: 1220:      //+2 Coins
    #####: 1221:      state->coins = state->coins + 2;
        -: 1222:			
        -: 1223:      //see if selected pile is in play
    #####: 1224:      if ( state->supplyCount[choice1] == -1 )
branch  0 never executed
branch  1 never executed
        -: 1225:	{
    #####: 1226:	  return -1;
        -: 1227:	}
        -: 1228:			
        -: 1229:      //add embargo token to selected supply pile
    #####: 1230:      state->embargoTokens[choice1]++;
        -: 1231:			
        -: 1232:      //trash card
    #####: 1233:      discardCard(handPos, currentPlayer, state, 1);		
call    0 never executed
    #####: 1234:      return 0;
        -: 1235:		
        -: 1236:    case outpost:
        -: 1237:      //set outpost flag
    #####: 1238:      state->outpostPlayed++;
        -: 1239:			
        -: 1240:      //discard card
    #####: 1241:      discardCard(handPos, currentPlayer, state, 0);
call    0 never executed
    #####: 1242:      return 0;
        -: 1243:		
        -: 1244:    case salvager:
        -: 1245:      //+1 buy
    #####: 1246:      state->numBuys++;
        -: 1247:			
    #####: 1248:      if (choice1)
branch  0 never executed
branch  1 never executed
        -: 1249:	{
        -: 1250:	  //gain coins equal to trashed card
    #####: 1251:	  state->coins = state->coins + getCost( handCard(choice1, state) );
call    0 never executed
call    1 never executed
        -: 1252:	  //trash card
    #####: 1253:	  discardCard(choice1, currentPlayer, state, 1);	
call    0 never executed
        -: 1254:	}
        -: 1255:			
        -: 1256:      //discard card
    #####: 1257:      discardCard(handPos, currentPlayer, state, 0);
call    0 never executed
    #####: 1258:      return 0;
        -: 1259:		
        -: 1260:    case sea_hag:
    #####: 1261:      for (i = 0; i < state->numPlayers; i++){
branch  0 never executed
branch  1 never executed
    #####: 1262:	if (i != currentPlayer){
branch  0 never executed
branch  1 never executed
    #####: 1263:	  state->discard[i][state->discardCount[i]] = state->deck[i][state->deckCount[i]--];			    state->deckCount[i]--;
    #####: 1264:	  state->discardCount[i]++;
    #####: 1265:	  state->deck[i][state->deckCount[i]--] = curse;//Top card now a curse
        -: 1266:	}
        -: 1267:      }
    #####: 1268:      return 0;
        -: 1269:		
        -: 1270:    case treasure_map:
        -: 1271:      //search hand for another treasure_map
    #####: 1272:      index = -1;
    #####: 1273:      for (i = 0; i < state->handCount[currentPlayer]; i++)
branch  0 never executed
branch  1 never executed
        -: 1274:	{
    #####: 1275:	  if (state->hand[currentPlayer][i] == treasure_map && i != handPos)
branch  0 never executed
branch  1 never executed
branch  2 never executed
branch  3 never executed
        -: 1276:	    {
    #####: 1277:	      index = i;
    #####: 1278:	      break;
        -: 1279:	    }
        -: 1280:	}
    #####: 1281:      if (index > -1)
branch  0 never executed
branch  1 never executed
        -: 1282:	{
        -: 1283:	  //trash both treasure cards
    #####: 1284:	  discardCard(handPos, currentPlayer, state, 1);
call    0 never executed
    #####: 1285:	  discardCard(index, currentPlayer, state, 1);
call    0 never executed
        -: 1286:
        -: 1287:	  //gain 4 Gold cards
    #####: 1288:	  for (i = 0; i < 4; i++)
branch  0 never executed
branch  1 never executed
        -: 1289:	    {
    #####: 1290:	      gainCard(gold, state, 1, currentPlayer);
call    0 never executed
        -: 1291:	    }
        -: 1292:				
        -: 1293:	  //return success
    #####: 1294:	  return 1;
        -: 1295:	}
        -: 1296:			
        -: 1297:      //no second treasure_map found in hand
    #####: 1298:      return -1;
        -: 1299:    }
        -: 1300:	
    #####: 1301:  return -1;
        -: 1302:}
        -: 1303:
function discardCard called 0 returned 0% blocks executed 0%
    #####: 1304:int discardCard(int handPos, int currentPlayer, struct gameState *state, int trashFlag)
        -: 1305:{
        -: 1306:	
        -: 1307:  //if card is not trashed, added to Played pile 
    #####: 1308:  if (trashFlag < 1)
branch  0 never executed
branch  1 never executed
        -: 1309:    {
        -: 1310:      //add card to played pile
    #####: 1311:      state->playedCards[state->playedCardCount] = state->hand[currentPlayer][handPos]; 
    #####: 1312:      state->playedCardCount++;
        -: 1313:    }
        -: 1314:	
        -: 1315:  //set played card to -1
    #####: 1316:  state->hand[currentPlayer][handPos] = -1;
        -: 1317:	
        -: 1318:  //remove card from player's hand
    #####: 1319:  if ( handPos == (state->handCount[currentPlayer] - 1) ) 	//last card in hand array is played
branch  0 never executed
branch  1 never executed
        -: 1320:    {
        -: 1321:      //reduce number of cards in hand
    #####: 1322:      state->handCount[currentPlayer]--;
        -: 1323:    }
    #####: 1324:  else if ( state->handCount[currentPlayer] == 1 ) //only one card in hand
branch  0 never executed
branch  1 never executed
        -: 1325:    {
        -: 1326:      //reduce number of cards in hand
    #####: 1327:      state->handCount[currentPlayer]--;
        -: 1328:    }
        -: 1329:  else 	
        -: 1330:    {
        -: 1331:      //replace discarded card with last card in hand
    #####: 1332:      state->hand[currentPlayer][handPos] = state->hand[currentPlayer][ (state->handCount[currentPlayer] - 1)];
        -: 1333:      //set last card to -1
    #####: 1334:      state->hand[currentPlayer][state->handCount[currentPlayer] - 1] = -1;
        -: 1335:      //reduce number of cards in hand
    #####: 1336:      state->handCount[currentPlayer]--;
        -: 1337:    }
        -: 1338:	
    #####: 1339:  return 0;
        -: 1340:}
        -: 1341:
function gainCard called 0 returned 0% blocks executed 0%
    #####: 1342:int gainCard(int supplyPos, struct gameState *state, int toFlag, int player)
        -: 1343:{
        -: 1344:  //Note: supplyPos is enum of choosen card
        -: 1345:	
        -: 1346:  //check if supply pile is empty (0) or card is not used in game (-1)
    #####: 1347:  if ( supplyCount(supplyPos, state) < 1 )
call    0 never executed
branch  1 never executed
branch  2 never executed
        -: 1348:    {
    #####: 1349:      return -1;
        -: 1350:    }
        -: 1351:	
        -: 1352:  //added card for [whoseTurn] current player:
        -: 1353:  // toFlag = 0 : add to discard
        -: 1354:  // toFlag = 1 : add to deck
        -: 1355:  // toFlag = 2 : add to hand
        -: 1356:
    #####: 1357:  if (toFlag == 1)
branch  0 never executed
branch  1 never executed
        -: 1358:    {
    #####: 1359:      state->deck[ player ][ state->deckCount[player] ] = supplyPos;
    #####: 1360:      state->deckCount[player]++;
        -: 1361:    }
    #####: 1362:  else if (toFlag == 2)
branch  0 never executed
branch  1 never executed
        -: 1363:    {
    #####: 1364:      state->hand[ player ][ state->handCount[player] ] = supplyPos;
    #####: 1365:      state->handCount[player]++;
        -: 1366:    }
        -: 1367:  else
        -: 1368:    {
    #####: 1369:      state->discard[player][ state->discardCount[player] ] = supplyPos;
    #####: 1370:      state->discardCount[player]++;
        -: 1371:    }
        -: 1372:	
        -: 1373:  //decrease number in supply pile
    #####: 1374:  state->supplyCount[supplyPos]--;
        -: 1375:	 
    #####: 1376:  return 0;
        -: 1377:}
        -: 1378:
function updateCoins called 40 returned 100% blocks executed 82%
       40: 1379:int updateCoins(int player, struct gameState *state, int bonus)
        -: 1380:{
        -: 1381:  int i;
        -: 1382:	
        -: 1383:  //reset coin count
       40: 1384:  state->coins = 0;
        -: 1385:
        -: 1386:  //add coins for each Treasure card in player's hand
     4494: 1387:  for (i = 0; i < state->handCount[player]; i++)
branch  0 taken 99%
branch  1 taken 1% (fallthrough)
        -: 1388:    {
     4454: 1389:      if (state->hand[player][i] == copper)
branch  0 taken 4% (fallthrough)
branch  1 taken 96%
        -: 1390:	{
      161: 1391:	  state->coins += 1;
        -: 1392:	}
     4293: 1393:      else if (state->hand[player][i] == silver)
branch  0 taken 0% (fallthrough)
branch  1 taken 100%
        -: 1394:	{
    #####: 1395:	  state->coins += 2;
        -: 1396:	}
     4293: 1397:      else if (state->hand[player][i] == gold)
branch  0 taken 0% (fallthrough)
branch  1 taken 100%
        -: 1398:	{
    #####: 1399:	  state->coins += 3;
        -: 1400:	}	
        -: 1401:    }	
        -: 1402:
        -: 1403:  //add bonus
       40: 1404:  state->coins += bonus;
        -: 1405:
       40: 1406:  return 0;
        -: 1407:}
        -: 1408:
        -: 1409:
        -: 1410:
        -: 1411:
        -: 1412:
        -: 1413://end of dominion.c
