        -:    0:Source:cardtest1.c
        -:    0:Programs:7
        -:    1:#include "dominion.h"
        -:    2:#include "rngs.h"
        -:    3:#include "assert.h"
        -:    4:#include <stdio.h>
        -:    5:#include <stdlib.h>
        -:    6:
function main called 2 returned 100% blocks executed 88%
        2:    7:int main(){
        -:    8:
        -:    9:	struct gameState G;
        -:   10:	int temp1;
        -:   11:	int temp2;
        2:   12:	int seed = 50;
        -:   13:
        2:   14:	int k[10] = {adventurer, gardens, embargo, village, minion, mine, cutpurse, sea_hag, tribute, smithy};
        -:   15:
        2:   16:	initializeGame(2, k, seed, &G);
call    0 returned 100%
        -:   17:
        2:   18:	temp1 = G.numActions;
        -:   19:	
        2:   20:	temp2 = cardEffect(village, 0, 0, 0, &G, NULL);
call    0 returned 100%
        -:   21:
        2:   22:	if(temp2 == 0 && (G.numActions == (temp1 + 2)))
branch  0 taken 100% (fallthrough)
branch  1 taken 0%
branch  2 taken 0% (fallthrough)
branch  3 taken 100%
        -:   23:	{
    #####:   24:		printf("Village test completed.\n");
call    0 never executed
        -:   25:	}
        -:   26:	else
        -:   27:	{
        2:   28:		printf("Village test failed.\n");
call    0 returned 100%
        -:   29:	}
        2:   30:	return 0;
        -:   31:}
