        -:    0:Source:cardtest4.c
        -:    0:Programs:7
        -:    0:Source is newer than graph
        -:    1:#include "dominion.h"
        -:    2:#include "rngs.h"
        -:    3:#include "assert.h"
        -:    4:#include <stdio.h>
        -:    5:#include <stdlib.h>
        -:    6:
function main called 2 returned 100% blocks executed 90%
        2:    7:int main(){
        -:    8:
        -:    9:	struct gameState G;
        -:   10:	int temp1;
        -:   11:	int temp2;
        -:   12:	int seed = 50;
        2:   13:
        -:   14:	int k[10] = {adventurer, gardens, embargo, village, minion, council_room, cutpurse, sea_hag, tribute, smithy};
        2:   15:
        -:   16:	initializeGame(2, k, seed, &G);
        2:   17:
call    0 returned 100%
        -:   18:	temp1 =  numHandCards(&G);
        2:   19:	temp2 = cardEffect(adventurer, 0, 0, 0, &G, NULL);
call    0 returned 100%
        2:   20:	
call    0 returned 100%
        -:   21:	if(temp2 == 0 && (numHandCards(&G) == (temp1 + 1)))
        2:   22:	{
branch  0 taken 100% (fallthrough)
branch  1 taken 0%
call    2 returned 100%
branch  3 taken 0% (fallthrough)
branch  4 taken 100%
        -:   23:		printf("Adventurer test completed.\n");
    #####:   24:	}
call    0 never executed
        -:   25:	else
        -:   26:	{
        -:   27:		printf("Adventurer test failed.\n");
        2:   28:	}
call    0 returned 100%
        -:   29:	return 0;
        2:   30:}
