        -:    0:Source:cardtest2.c
        -:    0:Programs:7
        -:    1:#include "dominion.h"
        -:    2:#include "rngs.h"
        -:    3:#include "assert.h"
        -:    4:#include <stdio.h>
        -:    5:#include <stdlib.h>
        -:    6:
function main called 1 returned 100% blocks executed 90%
        1:    7:int main(){
        -:    8:
        -:    9:	struct gameState G;
        -:   10:	int temp1;
        -:   11:	int temp2;
        1:   12:	int seed = 50;
        -:   13:
        1:   14:	int k[10] = {adventurer, gardens, embargo, village, minion, mine, cutpurse, sea_hag, tribute, smithy};
        -:   15:
        1:   16:	initializeGame(2, k, seed, &G);
call    0 returned 100%
        -:   17:
        1:   18:	temp1 =  numHandCards(&G);
call    0 returned 100%
        -:   19:
        1:   20:	temp2 = cardEffect(smithy, 0, 0, 0, &G, NULL);
call    0 returned 100%
        -:   21:
        -:   22:	
        1:   23:	if(temp2 == 0 && (numHandCards(&G) == (temp1 + 2)))
branch  0 taken 100% (fallthrough)
branch  1 taken 0%
call    2 returned 100%
branch  3 taken 0% (fallthrough)
branch  4 taken 100%
        -:   24:	{
    #####:   25:		printf("Smithy test completed.\n");
call    0 never executed
        -:   26:	}
        -:   27:	else
        -:   28:	{
        1:   29:		printf("Smithy test failed.\n");
call    0 returned 100%
        -:   30:	}
        1:   31:	return 0;
        -:   32:}
