        -:    0:Source:unittest2.c
        -:    0:Programs:7
        -:    1:#include "dominion.h"
        -:    2:#include "rngs.h"
        -:    3:#include <stdlib.h>
        -:    4:#include <stdio.h>
        -:    5:#include "assert.h"
        -:    6:
        -:    7:
function main called 2 returned 100% blocks executed 71%
        2:    8:int main(){
        -:    9:	
        2:   10:	assert(getCost(smithy) == 4);
call    0 returned 100%
branch  1 taken 0% (fallthrough)
branch  2 taken 100%
call    3 never executed
        -:   11:
        2:   12:	assert(getCost(gold) == 6);
call    0 returned 100%
branch  1 taken 0% (fallthrough)
branch  2 taken 100%
call    3 never executed
        -:   13:
        2:   14:	assert(getCost(mine) == 5);
call    0 returned 100%
branch  1 taken 0% (fallthrough)
branch  2 taken 100%
call    3 never executed
        -:   15:
        2:   16:	assert(getCost(adventurer) == 6);
call    0 returned 100%
branch  1 taken 0% (fallthrough)
branch  2 taken 100%
call    3 never executed
        -:   17:	
        2:   18:	assert(getCost(steward) == 3);
call    0 returned 100%
branch  1 taken 0% (fallthrough)
branch  2 taken 100%
call    3 never executed
        -:   19:
        2:   20:	assert(getCost(baron) == 4);
call    0 returned 100%
branch  1 taken 0% (fallthrough)
branch  2 taken 100%
call    3 never executed
        -:   21:	
        2:   22:	printf("getCost Test Completed.\n");
call    0 returned 100%
        2:   23:	return 0;
        -:   24:}
