        -:    0:Source:unittest3.c
        -:    0:Programs:7
        -:    1:#include "dominion.h"
        -:    2:#include "rngs.h"
        -:    3:#include <stdlib.h>
        -:    4:#include <stdio.h>
        -:    5:#include "assert.h"
        -:    6:
        -:    7:
function main called 2 returned 100% blocks executed 89%
        2:    8:int main(){
        -:    9:	
        -:   10:	struct gameState G;
        -:   11:
        2:   12:	int cur_turn1 = 0;
        2:   13:	int cur_turn2 = 0;
        -:   14:
       22:   15:	for(int i = 0; i < 10; i++)
branch  0 taken 91%
branch  1 taken 9% (fallthrough)
        -:   16:	{
       20:   17:		G.whoseTurn = cur_turn1;
       20:   18:		cur_turn2 = whoseTurn(&G);
call    0 returned 100%
        -:   19:
       20:   20:		assert(cur_turn2 == cur_turn1);
branch  0 taken 0% (fallthrough)
branch  1 taken 100%
call    2 never executed
        -:   21:
       20:   22:		cur_turn1++;
        -:   23:	}
        -:   24:
        2:   25:	printf("whoseTurn Test Completed.\n");
call    0 returned 100%
        2:   26:	return 0;
        -:   27:}
